{"/home/frizz/Desktop/OratorioJEST_final/Backend/models/utente.js": {"path":"/home/frizz/Desktop/OratorioJEST_final/Backend/models/utente.js","statementMap":{"0":{"start":{"line":2,"column":17},"end":{"line":2,"column":36}},"1":{"start":{"line":4,"column":30},"end":{"line":10,"column":2}},"2":{"start":{"line":12,"column":21},"end":{"line":24,"column":2}},"3":{"start":{"line":26,"column":15},"end":{"line":26,"column":63}},"4":{"start":{"line":28,"column":0},"end":{"line":28,"column":24}}},"fnMap":{},"branchMap":{},"s":{"0":1,"1":1,"2":1,"3":1,"4":1},"f":{},"b":{},"_coverageSchema":"1a1c01bbd47fc00a2c39e90264f33305004495a9","hash":"5869f2a177f867014db995dd944812d4c76dad32"}
}
